  Lab1CLI.cpp
E:\MPSZI_Lab1-3\Functions.h(132,34): warning C4244: аргумент: преобразование "unsigned __int64" в "_Ty", возможна потеря данных
          with
          [
              _Ty=double
          ]
E:\MPSZI_Lab1-3\Functions.h(168,1): warning C4267: аргумент: преобразование из "size_t" в "_Ty"; возможна потеря данных
          with
          [
              _Ty=int
          ]
E:\MPSZI_Lab1-3\Functions.h(275,85): warning C4244: аргумент: преобразование "double" в "int", возможна потеря данных
E:\MPSZI_Lab1-3\Functions.h(274,3): warning C4102: doAgain: неиспользованная метка
E:\MPSZI_Lab1-3\Lab1CLI.h(555,5): warning C4566: символ, представленный универсальным именем символа "\u2264", невозможно представить в текущей кодовой странице (1251)
E:\MPSZI_Lab1-3\Lab1CLI.h(562,5): warning C4566: символ, представленный универсальным именем символа "\u2264", невозможно представить в текущей кодовой странице (1251)
E:\MPSZI_Lab1-3\Lab1CLI.h(562,5): warning C4566: символ, представленный универсальным именем символа "\u00D7", невозможно представить в текущей кодовой странице (1251)
E:\MPSZI_Lab1-3\Lab1CLI.h(563,5): warning C4566: символ, представленный универсальным именем символа "\u2264", невозможно представить в текущей кодовой странице (1251)
E:\MPSZI_Lab1-3\Lab1CLI.h(563,5): warning C4566: символ, представленный универсальным именем символа "\u00D7", невозможно представить в текущей кодовой странице (1251)
E:\MPSZI_Lab1-3\Lab1CLI.h(563,5): warning C4566: символ, представленный универсальным именем символа "\u2200", невозможно представить в текущей кодовой странице (1251)
E:\MPSZI_Lab1-3\Lab1CLI.h(563,5): warning C4566: символ, представленный универсальным именем символа "\u2203", невозможно представить в текущей кодовой странице (1251)
E:\MPSZI_Lab1-3\Lab1CLI.h(570,5): warning C4566: символ, представленный универсальным именем символа "\u2211", невозможно представить в текущей кодовой странице (1251)
E:\MPSZI_Lab1-3\Lab1CLI.h(570,5): warning C4566: символ, представленный универсальным именем символа "\u2592", невозможно представить в текущей кодовой странице (1251)
E:\MPSZI_Lab1-3\Lab1CLI.h(489,1): warning C4267: аргумент: преобразование из "size_t" в "_Ty"; возможна потеря данных
          with
          [
              _Ty=int
          ]
E:\MPSZI_Lab1-3\Lab1CLI.h(494,1): warning C4267: аргумент: преобразование из "size_t" в "_Ty"; возможна потеря данных
          with
          [
              _Ty=int
          ]
E:\MPSZI_Lab1-3\Lab1CLI.h(499,1): warning C4267: аргумент: преобразование из "size_t" в "_Ty"; возможна потеря данных
          with
          [
              _Ty=int
          ]
E:\MPSZI_Lab1-3\Lab1CLI.h(519,1): warning C4267: аргумент: преобразование из "size_t" в "_Ty"; возможна потеря данных
          with
          [
              _Ty=int
          ]
E:\MPSZI_Lab1-3\Lab1CLI.h(536,1): warning C4267: аргумент: преобразование из "size_t" в "int"; возможна потеря данных
E:\MPSZI_Lab1-3\Lab1CLI.h(616,1): warning C4267: аргумент: преобразование из "size_t" в "int"; возможна потеря данных
E:\MPSZI_Lab1-3\Lab1CLI.h(760,1): warning C4267: аргумент: преобразование из "size_t" в "int"; возможна потеря данных
E:\MPSZI_Lab1-3\Lab1CLI.h(771,1): warning C4267: аргумент: преобразование из "size_t" в "_Ty"; возможна потеря данных
          with
          [
              _Ty=int
          ]
E:\MPSZI_Lab1-3\Lab1CLI.h(1053,1): warning C4267: аргумент: преобразование из "size_t" в "int"; возможна потеря данных
E:\MPSZI_Lab1-3\Lab1CLI.h(1065,1): warning C4267: аргумент: преобразование из "size_t" в "_Ty"; возможна потеря данных
          with
          [
              _Ty=int
          ]
E:\MPSZI_Lab1-3\Lab1CLI.h(1255,21): warning C4552: "-": результат выражения не используется
E:\MPSZI_Lab1-3\Lab1CLI.h(1377,18): warning C4244: инициализация: преобразование "double" в "int", возможна потеря данных
E:\MPSZI_Lab1-3\Lab1CLI.h(1378,21): warning C4244: инициализация: преобразование "double" в "int", возможна потеря данных
E:\MPSZI_Lab1-3\Lab1CLI.h(1512,15): warning C4244: аргумент: преобразование "double" в "int", возможна потеря данных
E:\MPSZI_Lab1-3\Lab1CLI.h(1516,15): warning C4244: аргумент: преобразование "double" в "int", возможна потеря данных
E:\MPSZI_Lab1-3\Lab1CLI.h(1520,15): warning C4244: аргумент: преобразование "double" в "int", возможна потеря данных
  Table2.cpp
  Создание кода...
  Graphik.obj : обнаружен модуль MSIL; для MSIL последовательная компоновка отключена; выполняется полная компоновка
  Project5.vcxproj -> E:\MPSZI_Lab1-3\x64\Release\Project5.exe
